
Attaching package: ‘shinyjs’

The following objects are masked from ‘package:methods’:

    removeClass, show


Attaching package: ‘shiny’

The following object is masked from ‘package:shinyjs’:

    runExample

Loading required package: base64enc

Attaching package: ‘shinydashboard’

The following object is masked from ‘package:graphics’:

    box


Attaching package: ‘jsonlite’

The following object is masked from ‘package:shiny’:

    validate


Attaching package: ‘dplyr’

The following objects are masked from ‘package:stats’:

    filter, lag

The following objects are masked from ‘package:base’:

    intersect, setdiff, setequal, union


Attaching package: ‘DT’

The following objects are masked from ‘package:shiny’:

    dataTableOutput, renderDataTable

Using V8 engine 3.14.5.9

Attaching package: ‘V8’

The following object is masked from ‘package:DT’:

    JS

── Attaching packages ─────────────────────────────────────── tidyverse 1.2.1 ──
✔ ggplot2 3.2.0     ✔ purrr   0.3.2
✔ tibble  2.1.3     ✔ stringr 1.4.0
✔ tidyr   0.8.3     ✔ forcats 0.4.0
── Conflicts ────────────────────────────────────────── tidyverse_conflicts() ──
✖ dplyr::filter()      masks stats::filter()
✖ purrr::flatten()     masks jsonlite::flatten()
✖ dplyr::lag()         masks stats::lag()
✖ jsonlite::validate() masks shiny::validate()
Loading required package: MASS

Attaching package: ‘MASS’

The following object is masked from ‘package:dplyr’:

    select

Loading required package: lattice

Loaded mixOmics 6.8.0

Thank you for using mixOmics! Learn how to apply our methods with our tutorials on www.mixOmics.org, vignette and bookdown on  https://github.com/mixOmicsTeam/mixOmics
Questions: email us at mixomics[at]math.univ-toulouse.fr  
Bugs, Issues? https://github.com/mixOmicsTeam/mixOmics/issues
Cite us:  citation('mixOmics')

Attaching package: ‘mixOmics’

The following object is masked from ‘package:purrr’:

    map


Attaching package: ‘gplots’

The following object is masked from ‘package:stats’:

    lowess


Attaching package: ‘plotly’

The following object is masked from ‘package:MASS’:

    select

The following object is masked from ‘package:ggplot2’:

    last_plot

The following object is masked from ‘package:stats’:

    filter

The following object is masked from ‘package:graphics’:

    layout

Loading required package: htmlwidgets

Attaching package: ‘htmlwidgets’

The following object is masked from ‘package:V8’:

    JS

Welcome! Related Books: `Practical Guide To Cluster Analysis in R` at https://goo.gl/13EFCZ

Attaching package: ‘seqinr’

The following object is masked from ‘package:dplyr’:

    count

The following object is masked from ‘package:shiny’:

    a

Registered S3 method overwritten by 'R.oo':
  method        from       
  throw.default R.methodsS3
Loading required package: Biostrings
Loading required package: BiocGenerics
Loading required package: parallel

Attaching package: ‘BiocGenerics’

The following objects are masked from ‘package:parallel’:

    clusterApply, clusterApplyLB, clusterCall, clusterEvalQ,
    clusterExport, clusterMap, parApply, parCapply, parLapply,
    parLapplyLB, parRapply, parSapply, parSapplyLB

The following objects are masked from ‘package:dplyr’:

    combine, intersect, setdiff, union

The following objects are masked from ‘package:rJava’:

    anyDuplicated, duplicated, sort, unique

The following objects are masked from ‘package:stats’:

    IQR, mad, sd, var, xtabs

The following objects are masked from ‘package:base’:

    anyDuplicated, append, as.data.frame, basename, cbind, colnames,
    dirname, do.call, duplicated, eval, evalq, Filter, Find, get, grep,
    grepl, intersect, is.unsorted, lapply, Map, mapply, match, mget,
    order, paste, pmax, pmax.int, pmin, pmin.int, Position, rank,
    rbind, Reduce, rownames, sapply, setdiff, sort, table, tapply,
    union, unique, unsplit, which, which.max, which.min

Loading required package: S4Vectors
Loading required package: stats4

Attaching package: ‘S4Vectors’

The following object is masked from ‘package:plotly’:

    rename

The following object is masked from ‘package:gplots’:

    space

The following object is masked from ‘package:tidyr’:

    expand

The following objects are masked from ‘package:dplyr’:

    first, rename

The following object is masked from ‘package:base’:

    expand.grid

Loading required package: IRanges

Attaching package: ‘IRanges’

The following object is masked from ‘package:plotly’:

    slice

The following object is masked from ‘package:purrr’:

    reduce

The following objects are masked from ‘package:dplyr’:

    collapse, desc, slice

Loading required package: XVector

Attaching package: ‘XVector’

The following object is masked from ‘package:purrr’:

    compact


Attaching package: ‘Biostrings’

The following object is masked from ‘package:seqinr’:

    translate

The following object is masked from ‘package:base’:

    strsplit


Attaching package: ‘data.table’

The following object is masked from ‘package:IRanges’:

    shift

The following objects are masked from ‘package:S4Vectors’:

    first, second

The following object is masked from ‘package:purrr’:

    transpose

The following objects are masked from ‘package:dplyr’:

    between, first, last


Attaching package: ‘rjson’

The following objects are masked from ‘package:jsonlite’:

    fromJSON, toJSON

Warning message:
In min(unfinished_train_projects$time) :
  no non-missing arguments, returning NA
function (..., call. = TRUE, domain = NULL) 
{
    args <- list(...)
    if (length(args) == 1L && inherits(args[[1L]], "condition")) {
        cond <- args[[1L]]
        if (nargs() > 1L) 
            warning("additional arguments ignored in stop()")
        message <- conditionMessage(cond)
        call <- conditionCall(cond)
        .Internal(.signalCondition(cond, message, call))
        .Internal(.dfltStop(message, call))
    }
    else .Internal(stop(call., .makeMessage(..., domain = domain)))
}
<bytecode: 0x55c23e63b048>
<environment: namespace:base>

Attaching package: ‘shinyjs’

The following objects are masked from ‘package:methods’:

    removeClass, show


Attaching package: ‘shiny’

The following object is masked from ‘package:shinyjs’:

    runExample

Loading required package: base64enc

Attaching package: ‘shinydashboard’

The following object is masked from ‘package:graphics’:

    box


Attaching package: ‘jsonlite’

The following object is masked from ‘package:shiny’:

    validate


Attaching package: ‘dplyr’

The following objects are masked from ‘package:stats’:

    filter, lag

The following objects are masked from ‘package:base’:

    intersect, setdiff, setequal, union


Attaching package: ‘DT’

The following objects are masked from ‘package:shiny’:

    dataTableOutput, renderDataTable

Using V8 engine 3.14.5.9

Attaching package: ‘V8’

The following object is masked from ‘package:DT’:

    JS

── Attaching packages ─────────────────────────────────────── tidyverse 1.2.1 ──
✔ ggplot2 3.2.0     ✔ purrr   0.3.2
✔ tibble  2.1.3     ✔ stringr 1.4.0
✔ tidyr   0.8.3     ✔ forcats 0.4.0
── Conflicts ────────────────────────────────────────── tidyverse_conflicts() ──
✖ dplyr::filter()      masks stats::filter()
✖ purrr::flatten()     masks jsonlite::flatten()
✖ dplyr::lag()         masks stats::lag()
✖ jsonlite::validate() masks shiny::validate()
Loading required package: MASS

Attaching package: ‘MASS’

The following object is masked from ‘package:dplyr’:

    select

Loading required package: lattice

Loaded mixOmics 6.8.0

Thank you for using mixOmics! Learn how to apply our methods with our tutorials on www.mixOmics.org, vignette and bookdown on  https://github.com/mixOmicsTeam/mixOmics
Questions: email us at mixomics[at]math.univ-toulouse.fr  
Bugs, Issues? https://github.com/mixOmicsTeam/mixOmics/issues
Cite us:  citation('mixOmics')

Attaching package: ‘mixOmics’

The following object is masked from ‘package:purrr’:

    map


Attaching package: ‘gplots’

The following object is masked from ‘package:stats’:

    lowess


Attaching package: ‘plotly’

The following object is masked from ‘package:MASS’:

    select

The following object is masked from ‘package:ggplot2’:

    last_plot

The following object is masked from ‘package:stats’:

    filter

The following object is masked from ‘package:graphics’:

    layout

Loading required package: htmlwidgets

Attaching package: ‘htmlwidgets’

The following object is masked from ‘package:V8’:

    JS

Welcome! Related Books: `Practical Guide To Cluster Analysis in R` at https://goo.gl/13EFCZ

Attaching package: ‘seqinr’

The following object is masked from ‘package:dplyr’:

    count

The following object is masked from ‘package:shiny’:

    a

Registered S3 method overwritten by 'R.oo':
  method        from       
  throw.default R.methodsS3
Loading required package: Biostrings
Loading required package: BiocGenerics
Loading required package: parallel

Attaching package: ‘BiocGenerics’

The following objects are masked from ‘package:parallel’:

    clusterApply, clusterApplyLB, clusterCall, clusterEvalQ,
    clusterExport, clusterMap, parApply, parCapply, parLapply,
    parLapplyLB, parRapply, parSapply, parSapplyLB

The following objects are masked from ‘package:dplyr’:

    combine, intersect, setdiff, union

The following objects are masked from ‘package:rJava’:

    anyDuplicated, duplicated, sort, unique

The following objects are masked from ‘package:stats’:

    IQR, mad, sd, var, xtabs

The following objects are masked from ‘package:base’:

    anyDuplicated, append, as.data.frame, basename, cbind, colnames,
    dirname, do.call, duplicated, eval, evalq, Filter, Find, get, grep,
    grepl, intersect, is.unsorted, lapply, Map, mapply, match, mget,
    order, paste, pmax, pmax.int, pmin, pmin.int, Position, rank,
    rbind, Reduce, rownames, sapply, setdiff, sort, table, tapply,
    union, unique, unsplit, which, which.max, which.min

Loading required package: S4Vectors
Loading required package: stats4

Attaching package: ‘S4Vectors’

The following object is masked from ‘package:plotly’:

    rename

The following object is masked from ‘package:gplots’:

    space

The following object is masked from ‘package:tidyr’:

    expand

The following objects are masked from ‘package:dplyr’:

    first, rename

The following object is masked from ‘package:base’:

    expand.grid

Loading required package: IRanges

Attaching package: ‘IRanges’

The following object is masked from ‘package:plotly’:

    slice

The following object is masked from ‘package:purrr’:

    reduce

The following objects are masked from ‘package:dplyr’:

    collapse, desc, slice

Loading required package: XVector

Attaching package: ‘XVector’

The following object is masked from ‘package:purrr’:

    compact


Attaching package: ‘Biostrings’

The following object is masked from ‘package:seqinr’:

    translate

The following object is masked from ‘package:base’:

    strsplit


Attaching package: ‘data.table’

The following object is masked from ‘package:IRanges’:

    shift

The following objects are masked from ‘package:S4Vectors’:

    first, second

The following object is masked from ‘package:purrr’:

    transpose

The following objects are masked from ‘package:dplyr’:

    between, first, last


Attaching package: ‘rjson’

The following objects are masked from ‘package:jsonlite’:

    fromJSON, toJSON

Warning message:
In min(unfinished_train_projects$time) :
  no non-missing arguments, returning NA
function (..., call. = TRUE, domain = NULL) 
{
    args <- list(...)
    if (length(args) == 1L && inherits(args[[1L]], "condition")) {
        cond <- args[[1L]]
        if (nargs() > 1L) 
            warning("additional arguments ignored in stop()")
        message <- conditionMessage(cond)
        call <- conditionCall(cond)
        .Internal(.signalCondition(cond, message, call))
        .Internal(.dfltStop(message, call))
    }
    else .Internal(stop(call., .makeMessage(..., domain = domain)))
}
<bytecode: 0x5619bdc55048>
<environment: namespace:base>

Attaching package: ‘shinyjs’

The following objects are masked from ‘package:methods’:

    removeClass, show


Attaching package: ‘shiny’

The following object is masked from ‘package:shinyjs’:

    runExample

Loading required package: base64enc

Attaching package: ‘shinydashboard’

The following object is masked from ‘package:graphics’:

    box


Attaching package: ‘jsonlite’

The following object is masked from ‘package:shiny’:

    validate


Attaching package: ‘dplyr’

The following objects are masked from ‘package:stats’:

    filter, lag

The following objects are masked from ‘package:base’:

    intersect, setdiff, setequal, union


Attaching package: ‘DT’

The following objects are masked from ‘package:shiny’:

    dataTableOutput, renderDataTable

Using V8 engine 3.14.5.9

Attaching package: ‘V8’

The following object is masked from ‘package:DT’:

    JS

── Attaching packages ─────────────────────────────────────── tidyverse 1.2.1 ──
✔ ggplot2 3.2.0     ✔ purrr   0.3.2
✔ tibble  2.1.3     ✔ stringr 1.4.0
✔ tidyr   0.8.3     ✔ forcats 0.4.0
── Conflicts ────────────────────────────────────────── tidyverse_conflicts() ──
✖ dplyr::filter()      masks stats::filter()
✖ purrr::flatten()     masks jsonlite::flatten()
✖ dplyr::lag()         masks stats::lag()
✖ jsonlite::validate() masks shiny::validate()
Loading required package: MASS

Attaching package: ‘MASS’

The following object is masked from ‘package:dplyr’:

    select

Loading required package: lattice

Loaded mixOmics 6.8.0

Thank you for using mixOmics! Learn how to apply our methods with our tutorials on www.mixOmics.org, vignette and bookdown on  https://github.com/mixOmicsTeam/mixOmics
Questions: email us at mixomics[at]math.univ-toulouse.fr  
Bugs, Issues? https://github.com/mixOmicsTeam/mixOmics/issues
Cite us:  citation('mixOmics')

Attaching package: ‘mixOmics’

The following object is masked from ‘package:purrr’:

    map


Attaching package: ‘gplots’

The following object is masked from ‘package:stats’:

    lowess


Attaching package: ‘plotly’

The following object is masked from ‘package:MASS’:

    select

The following object is masked from ‘package:ggplot2’:

    last_plot

The following object is masked from ‘package:stats’:

    filter

The following object is masked from ‘package:graphics’:

    layout

Loading required package: htmlwidgets

Attaching package: ‘htmlwidgets’

The following object is masked from ‘package:V8’:

    JS

Welcome! Related Books: `Practical Guide To Cluster Analysis in R` at https://goo.gl/13EFCZ

Attaching package: ‘seqinr’

The following object is masked from ‘package:dplyr’:

    count

The following object is masked from ‘package:shiny’:

    a

Registered S3 method overwritten by 'R.oo':
  method        from       
  throw.default R.methodsS3
Loading required package: Biostrings
Loading required package: BiocGenerics
Loading required package: parallel

Attaching package: ‘BiocGenerics’

The following objects are masked from ‘package:parallel’:

    clusterApply, clusterApplyLB, clusterCall, clusterEvalQ,
    clusterExport, clusterMap, parApply, parCapply, parLapply,
    parLapplyLB, parRapply, parSapply, parSapplyLB

The following objects are masked from ‘package:dplyr’:

    combine, intersect, setdiff, union

The following objects are masked from ‘package:rJava’:

    anyDuplicated, duplicated, sort, unique

The following objects are masked from ‘package:stats’:

    IQR, mad, sd, var, xtabs

The following objects are masked from ‘package:base’:

    anyDuplicated, append, as.data.frame, basename, cbind, colnames,
    dirname, do.call, duplicated, eval, evalq, Filter, Find, get, grep,
    grepl, intersect, is.unsorted, lapply, Map, mapply, match, mget,
    order, paste, pmax, pmax.int, pmin, pmin.int, Position, rank,
    rbind, Reduce, rownames, sapply, setdiff, sort, table, tapply,
    union, unique, unsplit, which, which.max, which.min

Loading required package: S4Vectors
Loading required package: stats4

Attaching package: ‘S4Vectors’

The following object is masked from ‘package:plotly’:

    rename

The following object is masked from ‘package:gplots’:

    space

The following object is masked from ‘package:tidyr’:

    expand

The following objects are masked from ‘package:dplyr’:

    first, rename

The following object is masked from ‘package:base’:

    expand.grid

Loading required package: IRanges

Attaching package: ‘IRanges’

The following object is masked from ‘package:plotly’:

    slice

The following object is masked from ‘package:purrr’:

    reduce

The following objects are masked from ‘package:dplyr’:

    collapse, desc, slice

Loading required package: XVector

Attaching package: ‘XVector’

The following object is masked from ‘package:purrr’:

    compact


Attaching package: ‘Biostrings’

The following object is masked from ‘package:seqinr’:

    translate

The following object is masked from ‘package:base’:

    strsplit


Attaching package: ‘data.table’

The following object is masked from ‘package:IRanges’:

    shift

The following objects are masked from ‘package:S4Vectors’:

    first, second

The following object is masked from ‘package:purrr’:

    transpose

The following objects are masked from ‘package:dplyr’:

    between, first, last


Attaching package: ‘rjson’

The following objects are masked from ‘package:jsonlite’:

    fromJSON, toJSON

Warning message:
In min(unfinished_train_projects$time) :
  no non-missing arguments, returning NA
function (..., call. = TRUE, domain = NULL) 
{
    args <- list(...)
    if (length(args) == 1L && inherits(args[[1L]], "condition")) {
        cond <- args[[1L]]
        if (nargs() > 1L) 
            warning("additional arguments ignored in stop()")
        message <- conditionMessage(cond)
        call <- conditionCall(cond)
        .Internal(.signalCondition(cond, message, call))
        .Internal(.dfltStop(message, call))
    }
    else .Internal(stop(call., .makeMessage(..., domain = domain)))
}
<bytecode: 0x55a8f48a4048>
<environment: namespace:base>

Attaching package: ‘shinyjs’

The following objects are masked from ‘package:methods’:

    removeClass, show


Attaching package: ‘shiny’

The following object is masked from ‘package:shinyjs’:

    runExample

Loading required package: base64enc

Attaching package: ‘shinydashboard’

The following object is masked from ‘package:graphics’:

    box


Attaching package: ‘jsonlite’

The following object is masked from ‘package:shiny’:

    validate


Attaching package: ‘dplyr’

The following objects are masked from ‘package:stats’:

    filter, lag

The following objects are masked from ‘package:base’:

    intersect, setdiff, setequal, union


Attaching package: ‘DT’

The following objects are masked from ‘package:shiny’:

    dataTableOutput, renderDataTable

Using V8 engine 3.14.5.9

Attaching package: ‘V8’

The following object is masked from ‘package:DT’:

    JS

── Attaching packages ─────────────────────────────────────── tidyverse 1.2.1 ──
✔ ggplot2 3.2.0     ✔ purrr   0.3.2
✔ tibble  2.1.3     ✔ stringr 1.4.0
✔ tidyr   0.8.3     ✔ forcats 0.4.0
── Conflicts ────────────────────────────────────────── tidyverse_conflicts() ──
✖ dplyr::filter()      masks stats::filter()
✖ purrr::flatten()     masks jsonlite::flatten()
✖ dplyr::lag()         masks stats::lag()
✖ jsonlite::validate() masks shiny::validate()
Loading required package: MASS

Attaching package: ‘MASS’

The following object is masked from ‘package:dplyr’:

    select

Loading required package: lattice

Loaded mixOmics 6.8.0

Thank you for using mixOmics! Learn how to apply our methods with our tutorials on www.mixOmics.org, vignette and bookdown on  https://github.com/mixOmicsTeam/mixOmics
Questions: email us at mixomics[at]math.univ-toulouse.fr  
Bugs, Issues? https://github.com/mixOmicsTeam/mixOmics/issues
Cite us:  citation('mixOmics')

Attaching package: ‘mixOmics’

The following object is masked from ‘package:purrr’:

    map


Attaching package: ‘gplots’

The following object is masked from ‘package:stats’:

    lowess


Attaching package: ‘plotly’

The following object is masked from ‘package:MASS’:

    select

The following object is masked from ‘package:ggplot2’:

    last_plot

The following object is masked from ‘package:stats’:

    filter

The following object is masked from ‘package:graphics’:

    layout

Loading required package: htmlwidgets

Attaching package: ‘htmlwidgets’

The following object is masked from ‘package:V8’:

    JS

Welcome! Related Books: `Practical Guide To Cluster Analysis in R` at https://goo.gl/13EFCZ

Attaching package: ‘seqinr’

The following object is masked from ‘package:dplyr’:

    count

The following object is masked from ‘package:shiny’:

    a

Registered S3 method overwritten by 'R.oo':
  method        from       
  throw.default R.methodsS3
Loading required package: Biostrings
Loading required package: BiocGenerics
Loading required package: parallel

Attaching package: ‘BiocGenerics’

The following objects are masked from ‘package:parallel’:

    clusterApply, clusterApplyLB, clusterCall, clusterEvalQ,
    clusterExport, clusterMap, parApply, parCapply, parLapply,
    parLapplyLB, parRapply, parSapply, parSapplyLB

The following objects are masked from ‘package:dplyr’:

    combine, intersect, setdiff, union

The following objects are masked from ‘package:rJava’:

    anyDuplicated, duplicated, sort, unique

The following objects are masked from ‘package:stats’:

    IQR, mad, sd, var, xtabs

The following objects are masked from ‘package:base’:

    anyDuplicated, append, as.data.frame, basename, cbind, colnames,
    dirname, do.call, duplicated, eval, evalq, Filter, Find, get, grep,
    grepl, intersect, is.unsorted, lapply, Map, mapply, match, mget,
    order, paste, pmax, pmax.int, pmin, pmin.int, Position, rank,
    rbind, Reduce, rownames, sapply, setdiff, sort, table, tapply,
    union, unique, unsplit, which, which.max, which.min

Loading required package: S4Vectors
Loading required package: stats4

Attaching package: ‘S4Vectors’

The following object is masked from ‘package:plotly’:

    rename

The following object is masked from ‘package:gplots’:

    space

The following object is masked from ‘package:tidyr’:

    expand

The following objects are masked from ‘package:dplyr’:

    first, rename

The following object is masked from ‘package:base’:

    expand.grid

Loading required package: IRanges

Attaching package: ‘IRanges’

The following object is masked from ‘package:plotly’:

    slice

The following object is masked from ‘package:purrr’:

    reduce

The following objects are masked from ‘package:dplyr’:

    collapse, desc, slice

Loading required package: XVector

Attaching package: ‘XVector’

The following object is masked from ‘package:purrr’:

    compact


Attaching package: ‘Biostrings’

The following object is masked from ‘package:seqinr’:

    translate

The following object is masked from ‘package:base’:

    strsplit


Attaching package: ‘data.table’

The following object is masked from ‘package:IRanges’:

    shift

The following objects are masked from ‘package:S4Vectors’:

    first, second

The following object is masked from ‘package:purrr’:

    transpose

The following objects are masked from ‘package:dplyr’:

    between, first, last


Attaching package: ‘rjson’

The following objects are masked from ‘package:jsonlite’:

    fromJSON, toJSON

Warning message:
In min(unfinished_train_projects$time) :
  no non-missing arguments, returning NA
function (..., call. = TRUE, domain = NULL) 
{
    args <- list(...)
    if (length(args) == 1L && inherits(args[[1L]], "condition")) {
        cond <- args[[1L]]
        if (nargs() > 1L) 
            warning("additional arguments ignored in stop()")
        message <- conditionMessage(cond)
        call <- conditionCall(cond)
        .Internal(.signalCondition(cond, message, call))
        .Internal(.dfltStop(message, call))
    }
    else .Internal(stop(call., .makeMessage(..., domain = domain)))
}
<bytecode: 0x559c328ba048>
<environment: namespace:base>
