
Attaching package: ‘shinyjs’

The following objects are masked from ‘package:methods’:

    removeClass, show


Attaching package: ‘shiny’

The following object is masked from ‘package:shinyjs’:

    runExample


Attaching package: ‘shinydashboard’

The following object is masked from ‘package:graphics’:

    box


Attaching package: ‘jsonlite’

The following object is masked from ‘package:shiny’:

    validate


Attaching package: ‘dplyr’

The following objects are masked from ‘package:stats’:

    filter, lag

The following objects are masked from ‘package:base’:

    intersect, setdiff, setequal, union


Attaching package: ‘DT’

The following objects are masked from ‘package:shiny’:

    dataTableOutput, renderDataTable

Using V8 engine 3.14.5.9

Attaching package: ‘V8’

The following object is masked from ‘package:DT’:

    JS

── Attaching packages ─────────────────────────────────────── tidyverse 1.2.1 ──
✔ ggplot2 3.2.0     ✔ purrr   0.3.2
✔ tibble  2.1.3     ✔ stringr 1.4.0
✔ tidyr   0.8.3     ✔ forcats 0.4.0
── Conflicts ────────────────────────────────────────── tidyverse_conflicts() ──
✖ dplyr::filter()      masks stats::filter()
✖ purrr::flatten()     masks jsonlite::flatten()
✖ dplyr::lag()         masks stats::lag()
✖ jsonlite::validate() masks shiny::validate()

Attaching package: ‘MASS’

The following object is masked from ‘package:dplyr’:

    select


Loaded mixOmics 6.8.0

Thank you for using mixOmics! Learn how to apply our methods with our tutorials on www.mixOmics.org, vignette and bookdown on  https://github.com/mixOmicsTeam/mixOmics
Questions: email us at mixomics[at]math.univ-toulouse.fr  
Bugs, Issues? https://github.com/mixOmicsTeam/mixOmics/issues
Cite us:  citation('mixOmics')

Attaching package: ‘mixOmics’

The following object is masked from ‘package:purrr’:

    map


Attaching package: ‘gplots’

The following object is masked from ‘package:stats’:

    lowess


Attaching package: ‘plotly’

The following object is masked from ‘package:MASS’:

    select

The following object is masked from ‘package:ggplot2’:

    last_plot

The following object is masked from ‘package:stats’:

    filter

The following object is masked from ‘package:graphics’:

    layout


Attaching package: ‘htmlwidgets’

The following object is masked from ‘package:V8’:

    JS

Welcome! Related Books: `Practical Guide To Cluster Analysis in R` at https://goo.gl/13EFCZ

Attaching package: ‘seqinr’

The following object is masked from ‘package:dplyr’:

    count

The following object is masked from ‘package:shiny’:

    a

Registered S3 method overwritten by 'R.oo':
  method        from       
  throw.default R.methodsS3

Attaching package: ‘BiocGenerics’

The following objects are masked from ‘package:parallel’:

    clusterApply, clusterApplyLB, clusterCall, clusterEvalQ,
    clusterExport, clusterMap, parApply, parCapply, parLapply,
    parLapplyLB, parRapply, parSapply, parSapplyLB

The following objects are masked from ‘package:dplyr’:

    combine, intersect, setdiff, union

The following objects are masked from ‘package:rJava’:

    anyDuplicated, duplicated, sort, unique

The following objects are masked from ‘package:stats’:

    IQR, mad, sd, var, xtabs

The following objects are masked from ‘package:base’:

    anyDuplicated, append, as.data.frame, basename, cbind, colnames,
    dirname, do.call, duplicated, eval, evalq, Filter, Find, get, grep,
    grepl, intersect, is.unsorted, lapply, Map, mapply, match, mget,
    order, paste, pmax, pmax.int, pmin, pmin.int, Position, rank,
    rbind, Reduce, rownames, sapply, setdiff, sort, table, tapply,
    union, unique, unsplit, which, which.max, which.min


Attaching package: ‘S4Vectors’

The following object is masked from ‘package:plotly’:

    rename

The following object is masked from ‘package:gplots’:

    space

The following object is masked from ‘package:tidyr’:

    expand

The following objects are masked from ‘package:dplyr’:

    first, rename

The following object is masked from ‘package:base’:

    expand.grid


Attaching package: ‘IRanges’

The following object is masked from ‘package:plotly’:

    slice

The following object is masked from ‘package:purrr’:

    reduce

The following objects are masked from ‘package:dplyr’:

    collapse, desc, slice


Attaching package: ‘XVector’

The following object is masked from ‘package:purrr’:

    compact


Attaching package: ‘Biostrings’

The following object is masked from ‘package:seqinr’:

    translate

The following object is masked from ‘package:base’:

    strsplit


Attaching package: ‘data.table’

The following object is masked from ‘package:IRanges’:

    shift

The following objects are masked from ‘package:S4Vectors’:

    first, second

The following object is masked from ‘package:purrr’:

    transpose

The following objects are masked from ‘package:dplyr’:

    between, first, last


Attaching package: ‘rjson’

The following objects are masked from ‘package:jsonlite’:

    fromJSON, toJSON

subscript out of bounds 
 没有fasta预测任务[1] "有fasta预测任务"
Warning messages:
1: In min(unfinished_fastapredict_projects$time) :
  no non-missing arguments, returning NA
2: In min(unfinished_fastapredict_projects$time) :
  no non-missing arguments, returning NA
Error: object 'modelid' not found
Execution halted

Attaching package: ‘shinyjs’

The following objects are masked from ‘package:methods’:

    removeClass, show


Attaching package: ‘shiny’

The following object is masked from ‘package:shinyjs’:

    runExample


Attaching package: ‘shinydashboard’

The following object is masked from ‘package:graphics’:

    box


Attaching package: ‘jsonlite’

The following object is masked from ‘package:shiny’:

    validate


Attaching package: ‘dplyr’

The following objects are masked from ‘package:stats’:

    filter, lag

The following objects are masked from ‘package:base’:

    intersect, setdiff, setequal, union


Attaching package: ‘DT’

The following objects are masked from ‘package:shiny’:

    dataTableOutput, renderDataTable

Using V8 engine 3.14.5.9

Attaching package: ‘V8’

The following object is masked from ‘package:DT’:

    JS

── Attaching packages ─────────────────────────────────────── tidyverse 1.2.1 ──
✔ ggplot2 3.2.0     ✔ purrr   0.3.2
✔ tibble  2.1.3     ✔ stringr 1.4.0
✔ tidyr   0.8.3     ✔ forcats 0.4.0
── Conflicts ────────────────────────────────────────── tidyverse_conflicts() ──
✖ dplyr::filter()      masks stats::filter()
✖ purrr::flatten()     masks jsonlite::flatten()
✖ dplyr::lag()         masks stats::lag()
✖ jsonlite::validate() masks shiny::validate()

Attaching package: ‘MASS’

The following object is masked from ‘package:dplyr’:

    select


Loaded mixOmics 6.8.0

Thank you for using mixOmics! Learn how to apply our methods with our tutorials on www.mixOmics.org, vignette and bookdown on  https://github.com/mixOmicsTeam/mixOmics
Questions: email us at mixomics[at]math.univ-toulouse.fr  
Bugs, Issues? https://github.com/mixOmicsTeam/mixOmics/issues
Cite us:  citation('mixOmics')

Attaching package: ‘mixOmics’

The following object is masked from ‘package:purrr’:

    map


Attaching package: ‘gplots’

The following object is masked from ‘package:stats’:

    lowess


Attaching package: ‘plotly’

The following object is masked from ‘package:MASS’:

    select

The following object is masked from ‘package:ggplot2’:

    last_plot

The following object is masked from ‘package:stats’:

    filter

The following object is masked from ‘package:graphics’:

    layout


Attaching package: ‘htmlwidgets’

The following object is masked from ‘package:V8’:

    JS

Welcome! Related Books: `Practical Guide To Cluster Analysis in R` at https://goo.gl/13EFCZ

Attaching package: ‘seqinr’

The following object is masked from ‘package:dplyr’:

    count

The following object is masked from ‘package:shiny’:

    a

Registered S3 method overwritten by 'R.oo':
  method        from       
  throw.default R.methodsS3

Attaching package: ‘BiocGenerics’

The following objects are masked from ‘package:parallel’:

    clusterApply, clusterApplyLB, clusterCall, clusterEvalQ,
    clusterExport, clusterMap, parApply, parCapply, parLapply,
    parLapplyLB, parRapply, parSapply, parSapplyLB

The following objects are masked from ‘package:dplyr’:

    combine, intersect, setdiff, union

The following objects are masked from ‘package:rJava’:

    anyDuplicated, duplicated, sort, unique

The following objects are masked from ‘package:stats’:

    IQR, mad, sd, var, xtabs

The following objects are masked from ‘package:base’:

    anyDuplicated, append, as.data.frame, basename, cbind, colnames,
    dirname, do.call, duplicated, eval, evalq, Filter, Find, get, grep,
    grepl, intersect, is.unsorted, lapply, Map, mapply, match, mget,
    order, paste, pmax, pmax.int, pmin, pmin.int, Position, rank,
    rbind, Reduce, rownames, sapply, setdiff, sort, table, tapply,
    union, unique, unsplit, which, which.max, which.min


Attaching package: ‘S4Vectors’

The following object is masked from ‘package:plotly’:

    rename

The following object is masked from ‘package:gplots’:

    space

The following object is masked from ‘package:tidyr’:

    expand

The following objects are masked from ‘package:dplyr’:

    first, rename

The following object is masked from ‘package:base’:

    expand.grid


Attaching package: ‘IRanges’

The following object is masked from ‘package:plotly’:

    slice

The following object is masked from ‘package:purrr’:

    reduce

The following objects are masked from ‘package:dplyr’:

    collapse, desc, slice


Attaching package: ‘XVector’

The following object is masked from ‘package:purrr’:

    compact


Attaching package: ‘Biostrings’

The following object is masked from ‘package:seqinr’:

    translate

The following object is masked from ‘package:base’:

    strsplit


Attaching package: ‘data.table’

The following object is masked from ‘package:IRanges’:

    shift

The following objects are masked from ‘package:S4Vectors’:

    first, second

The following object is masked from ‘package:purrr’:

    transpose

The following objects are masked from ‘package:dplyr’:

    between, first, last


Attaching package: ‘rjson’

The following objects are masked from ‘package:jsonlite’:

    fromJSON, toJSON

subscript out of bounds 
 没有fasta预测任务[1] "有fasta预测任务"
Warning messages:
1: In min(unfinished_fastapredict_projects$time) :
  no non-missing arguments, returning NA
2: In min(unfinished_fastapredict_projects$time) :
  no non-missing arguments, returning NA
Error: object 'modelid' not found
Execution halted

Attaching package: ‘shinyjs’

The following objects are masked from ‘package:methods’:

    removeClass, show


Attaching package: ‘shiny’

The following object is masked from ‘package:shinyjs’:

    runExample


Attaching package: ‘shinydashboard’

The following object is masked from ‘package:graphics’:

    box


Attaching package: ‘jsonlite’

The following object is masked from ‘package:shiny’:

    validate


Attaching package: ‘dplyr’

The following objects are masked from ‘package:stats’:

    filter, lag

The following objects are masked from ‘package:base’:

    intersect, setdiff, setequal, union


Attaching package: ‘DT’

The following objects are masked from ‘package:shiny’:

    dataTableOutput, renderDataTable

Using V8 engine 3.14.5.9

Attaching package: ‘V8’

The following object is masked from ‘package:DT’:

    JS

── Attaching packages ─────────────────────────────────────── tidyverse 1.2.1 ──
✔ ggplot2 3.2.0     ✔ purrr   0.3.2
✔ tibble  2.1.3     ✔ stringr 1.4.0
✔ tidyr   0.8.3     ✔ forcats 0.4.0
── Conflicts ────────────────────────────────────────── tidyverse_conflicts() ──
✖ dplyr::filter()      masks stats::filter()
✖ purrr::flatten()     masks jsonlite::flatten()
✖ dplyr::lag()         masks stats::lag()
✖ jsonlite::validate() masks shiny::validate()

Attaching package: ‘MASS’

The following object is masked from ‘package:dplyr’:

    select


Loaded mixOmics 6.8.0

Thank you for using mixOmics! Learn how to apply our methods with our tutorials on www.mixOmics.org, vignette and bookdown on  https://github.com/mixOmicsTeam/mixOmics
Questions: email us at mixomics[at]math.univ-toulouse.fr  
Bugs, Issues? https://github.com/mixOmicsTeam/mixOmics/issues
Cite us:  citation('mixOmics')

Attaching package: ‘mixOmics’

The following object is masked from ‘package:purrr’:

    map


Attaching package: ‘gplots’

The following object is masked from ‘package:stats’:

    lowess


Attaching package: ‘plotly’

The following object is masked from ‘package:MASS’:

    select

The following object is masked from ‘package:ggplot2’:

    last_plot

The following object is masked from ‘package:stats’:

    filter

The following object is masked from ‘package:graphics’:

    layout


Attaching package: ‘htmlwidgets’

The following object is masked from ‘package:V8’:

    JS

Welcome! Related Books: `Practical Guide To Cluster Analysis in R` at https://goo.gl/13EFCZ

Attaching package: ‘seqinr’

The following object is masked from ‘package:dplyr’:

    count

The following object is masked from ‘package:shiny’:

    a

Registered S3 method overwritten by 'R.oo':
  method        from       
  throw.default R.methodsS3

Attaching package: ‘BiocGenerics’

The following objects are masked from ‘package:parallel’:

    clusterApply, clusterApplyLB, clusterCall, clusterEvalQ,
    clusterExport, clusterMap, parApply, parCapply, parLapply,
    parLapplyLB, parRapply, parSapply, parSapplyLB

The following objects are masked from ‘package:dplyr’:

    combine, intersect, setdiff, union

The following objects are masked from ‘package:rJava’:

    anyDuplicated, duplicated, sort, unique

The following objects are masked from ‘package:stats’:

    IQR, mad, sd, var, xtabs

The following objects are masked from ‘package:base’:

    anyDuplicated, append, as.data.frame, basename, cbind, colnames,
    dirname, do.call, duplicated, eval, evalq, Filter, Find, get, grep,
    grepl, intersect, is.unsorted, lapply, Map, mapply, match, mget,
    order, paste, pmax, pmax.int, pmin, pmin.int, Position, rank,
    rbind, Reduce, rownames, sapply, setdiff, sort, table, tapply,
    union, unique, unsplit, which, which.max, which.min


Attaching package: ‘S4Vectors’

The following object is masked from ‘package:plotly’:

    rename

The following object is masked from ‘package:gplots’:

    space

The following object is masked from ‘package:tidyr’:

    expand

The following objects are masked from ‘package:dplyr’:

    first, rename

The following object is masked from ‘package:base’:

    expand.grid


Attaching package: ‘IRanges’

The following object is masked from ‘package:plotly’:

    slice

The following object is masked from ‘package:purrr’:

    reduce

The following objects are masked from ‘package:dplyr’:

    collapse, desc, slice


Attaching package: ‘XVector’

The following object is masked from ‘package:purrr’:

    compact


Attaching package: ‘Biostrings’

The following object is masked from ‘package:seqinr’:

    translate

The following object is masked from ‘package:base’:

    strsplit


Attaching package: ‘data.table’

The following object is masked from ‘package:IRanges’:

    shift

The following objects are masked from ‘package:S4Vectors’:

    first, second

The following object is masked from ‘package:purrr’:

    transpose

The following objects are masked from ‘package:dplyr’:

    between, first, last


Attaching package: ‘rjson’

The following objects are masked from ‘package:jsonlite’:

    fromJSON, toJSON

subscript out of bounds 
 没有fasta预测任务[1] "有fasta预测任务"
Warning messages:
1: In min(unfinished_fastapredict_projects$time) :
  no non-missing arguments, returning NA
2: In min(unfinished_fastapredict_projects$time) :
  no non-missing arguments, returning NA
Error: object 'modelid' not found
Execution halted

Attaching package: ‘shinyjs’

The following objects are masked from ‘package:methods’:

    removeClass, show


Attaching package: ‘shiny’

The following object is masked from ‘package:shinyjs’:

    runExample


Attaching package: ‘shinydashboard’

The following object is masked from ‘package:graphics’:

    box


Attaching package: ‘jsonlite’

The following object is masked from ‘package:shiny’:

    validate


Attaching package: ‘dplyr’

The following objects are masked from ‘package:stats’:

    filter, lag

The following objects are masked from ‘package:base’:

    intersect, setdiff, setequal, union


Attaching package: ‘DT’

The following objects are masked from ‘package:shiny’:

    dataTableOutput, renderDataTable

Using V8 engine 3.14.5.9

Attaching package: ‘V8’

The following object is masked from ‘package:DT’:

    JS

── Attaching packages ─────────────────────────────────────── tidyverse 1.2.1 ──
✔ ggplot2 3.2.0     ✔ purrr   0.3.2
✔ tibble  2.1.3     ✔ stringr 1.4.0
✔ tidyr   0.8.3     ✔ forcats 0.4.0
── Conflicts ────────────────────────────────────────── tidyverse_conflicts() ──
✖ dplyr::filter()      masks stats::filter()
✖ purrr::flatten()     masks jsonlite::flatten()
✖ dplyr::lag()         masks stats::lag()
✖ jsonlite::validate() masks shiny::validate()

Attaching package: ‘MASS’

The following object is masked from ‘package:dplyr’:

    select


Loaded mixOmics 6.8.0

Thank you for using mixOmics! Learn how to apply our methods with our tutorials on www.mixOmics.org, vignette and bookdown on  https://github.com/mixOmicsTeam/mixOmics
Questions: email us at mixomics[at]math.univ-toulouse.fr  
Bugs, Issues? https://github.com/mixOmicsTeam/mixOmics/issues
Cite us:  citation('mixOmics')

Attaching package: ‘mixOmics’

The following object is masked from ‘package:purrr’:

    map


Attaching package: ‘gplots’

The following object is masked from ‘package:stats’:

    lowess


Attaching package: ‘plotly’

The following object is masked from ‘package:MASS’:

    select

The following object is masked from ‘package:ggplot2’:

    last_plot

The following object is masked from ‘package:stats’:

    filter

The following object is masked from ‘package:graphics’:

    layout


Attaching package: ‘htmlwidgets’

The following object is masked from ‘package:V8’:

    JS

Welcome! Related Books: `Practical Guide To Cluster Analysis in R` at https://goo.gl/13EFCZ

Attaching package: ‘seqinr’

The following object is masked from ‘package:dplyr’:

    count

The following object is masked from ‘package:shiny’:

    a

Registered S3 method overwritten by 'R.oo':
  method        from       
  throw.default R.methodsS3

Attaching package: ‘BiocGenerics’

The following objects are masked from ‘package:parallel’:

    clusterApply, clusterApplyLB, clusterCall, clusterEvalQ,
    clusterExport, clusterMap, parApply, parCapply, parLapply,
    parLapplyLB, parRapply, parSapply, parSapplyLB

The following objects are masked from ‘package:dplyr’:

    combine, intersect, setdiff, union

The following objects are masked from ‘package:rJava’:

    anyDuplicated, duplicated, sort, unique

The following objects are masked from ‘package:stats’:

    IQR, mad, sd, var, xtabs

The following objects are masked from ‘package:base’:

    anyDuplicated, append, as.data.frame, basename, cbind, colnames,
    dirname, do.call, duplicated, eval, evalq, Filter, Find, get, grep,
    grepl, intersect, is.unsorted, lapply, Map, mapply, match, mget,
    order, paste, pmax, pmax.int, pmin, pmin.int, Position, rank,
    rbind, Reduce, rownames, sapply, setdiff, sort, table, tapply,
    union, unique, unsplit, which, which.max, which.min


Attaching package: ‘S4Vectors’

The following object is masked from ‘package:plotly’:

    rename

The following object is masked from ‘package:gplots’:

    space

The following object is masked from ‘package:tidyr’:

    expand

The following objects are masked from ‘package:dplyr’:

    first, rename

The following object is masked from ‘package:base’:

    expand.grid


Attaching package: ‘IRanges’

The following object is masked from ‘package:plotly’:

    slice

The following object is masked from ‘package:purrr’:

    reduce

The following objects are masked from ‘package:dplyr’:

    collapse, desc, slice


Attaching package: ‘XVector’

The following object is masked from ‘package:purrr’:

    compact


Attaching package: ‘Biostrings’

The following object is masked from ‘package:seqinr’:

    translate

The following object is masked from ‘package:base’:

    strsplit


Attaching package: ‘data.table’

The following object is masked from ‘package:IRanges’:

    shift

The following objects are masked from ‘package:S4Vectors’:

    first, second

The following object is masked from ‘package:purrr’:

    transpose

The following objects are masked from ‘package:dplyr’:

    between, first, last


Attaching package: ‘rjson’

The following objects are masked from ‘package:jsonlite’:

    fromJSON, toJSON

subscript out of bounds 
 没有fasta预测任务[1] "有fasta预测任务"
Warning messages:
1: In min(unfinished_fastapredict_projects$time) :
  no non-missing arguments, returning NA
2: In min(unfinished_fastapredict_projects$time) :
  no non-missing arguments, returning NA
Error: object 'modelid' not found
Execution halted

Attaching package: ‘shinyjs’

The following objects are masked from ‘package:methods’:

    removeClass, show


Attaching package: ‘shiny’

The following object is masked from ‘package:shinyjs’:

    runExample


Attaching package: ‘shinydashboard’

The following object is masked from ‘package:graphics’:

    box


Attaching package: ‘jsonlite’

The following object is masked from ‘package:shiny’:

    validate


Attaching package: ‘dplyr’

The following objects are masked from ‘package:stats’:

    filter, lag

The following objects are masked from ‘package:base’:

    intersect, setdiff, setequal, union


Attaching package: ‘DT’

The following objects are masked from ‘package:shiny’:

    dataTableOutput, renderDataTable

Using V8 engine 3.14.5.9

Attaching package: ‘V8’

The following object is masked from ‘package:DT’:

    JS

── Attaching packages ─────────────────────────────────────── tidyverse 1.2.1 ──
✔ ggplot2 3.2.0     ✔ purrr   0.3.2
✔ tibble  2.1.3     ✔ stringr 1.4.0
✔ tidyr   0.8.3     ✔ forcats 0.4.0
── Conflicts ────────────────────────────────────────── tidyverse_conflicts() ──
✖ dplyr::filter()      masks stats::filter()
✖ purrr::flatten()     masks jsonlite::flatten()
✖ dplyr::lag()         masks stats::lag()
✖ jsonlite::validate() masks shiny::validate()

Attaching package: ‘MASS’

The following object is masked from ‘package:dplyr’:

    select


Loaded mixOmics 6.8.0

Thank you for using mixOmics! Learn how to apply our methods with our tutorials on www.mixOmics.org, vignette and bookdown on  https://github.com/mixOmicsTeam/mixOmics
Questions: email us at mixomics[at]math.univ-toulouse.fr  
Bugs, Issues? https://github.com/mixOmicsTeam/mixOmics/issues
Cite us:  citation('mixOmics')

Attaching package: ‘mixOmics’

The following object is masked from ‘package:purrr’:

    map


Attaching package: ‘gplots’

The following object is masked from ‘package:stats’:

    lowess


Attaching package: ‘plotly’

The following object is masked from ‘package:MASS’:

    select

The following object is masked from ‘package:ggplot2’:

    last_plot

The following object is masked from ‘package:stats’:

    filter

The following object is masked from ‘package:graphics’:

    layout


Attaching package: ‘htmlwidgets’

The following object is masked from ‘package:V8’:

    JS

Welcome! Related Books: `Practical Guide To Cluster Analysis in R` at https://goo.gl/13EFCZ

Attaching package: ‘seqinr’

The following object is masked from ‘package:dplyr’:

    count

The following object is masked from ‘package:shiny’:

    a

Registered S3 method overwritten by 'R.oo':
  method        from       
  throw.default R.methodsS3

Attaching package: ‘BiocGenerics’

The following objects are masked from ‘package:parallel’:

    clusterApply, clusterApplyLB, clusterCall, clusterEvalQ,
    clusterExport, clusterMap, parApply, parCapply, parLapply,
    parLapplyLB, parRapply, parSapply, parSapplyLB

The following objects are masked from ‘package:dplyr’:

    combine, intersect, setdiff, union

The following objects are masked from ‘package:rJava’:

    anyDuplicated, duplicated, sort, unique

The following objects are masked from ‘package:stats’:

    IQR, mad, sd, var, xtabs

The following objects are masked from ‘package:base’:

    anyDuplicated, append, as.data.frame, basename, cbind, colnames,
    dirname, do.call, duplicated, eval, evalq, Filter, Find, get, grep,
    grepl, intersect, is.unsorted, lapply, Map, mapply, match, mget,
    order, paste, pmax, pmax.int, pmin, pmin.int, Position, rank,
    rbind, Reduce, rownames, sapply, setdiff, sort, table, tapply,
    union, unique, unsplit, which, which.max, which.min


Attaching package: ‘S4Vectors’

The following object is masked from ‘package:plotly’:

    rename

The following object is masked from ‘package:gplots’:

    space

The following object is masked from ‘package:tidyr’:

    expand

The following objects are masked from ‘package:dplyr’:

    first, rename

The following object is masked from ‘package:base’:

    expand.grid


Attaching package: ‘IRanges’

The following object is masked from ‘package:plotly’:

    slice

The following object is masked from ‘package:purrr’:

    reduce

The following objects are masked from ‘package:dplyr’:

    collapse, desc, slice


Attaching package: ‘XVector’

The following object is masked from ‘package:purrr’:

    compact


Attaching package: ‘Biostrings’

The following object is masked from ‘package:seqinr’:

    translate

The following object is masked from ‘package:base’:

    strsplit


Attaching package: ‘data.table’

The following object is masked from ‘package:IRanges’:

    shift

The following objects are masked from ‘package:S4Vectors’:

    first, second

The following object is masked from ‘package:purrr’:

    transpose

The following objects are masked from ‘package:dplyr’:

    between, first, last


Attaching package: ‘rjson’

The following objects are masked from ‘package:jsonlite’:

    fromJSON, toJSON

Loading script: /home/saitoasuka/shiny-server/project/data/deepdia/code/deepdetect/R/init.R
2020-03-22 19:04:09.178123: I tensorflow/core/platform/cpu_feature_guard.cc:141] Your CPU supports instructions that this TensorFlow binary was not compiled to use: SSE4.1 SSE4.2 AVX
2020-03-22 19:04:09.178694: I tensorflow/core/common_runtime/process_util.cc:69] Creating new thread pool with default inter op setting: 2. Tune using inter_op_parallelism_threads for best performance.
Using TensorFlow backend.
/home/saitoasuka/anaconda3/envs/tensorflow/lib/python3.6/site-packages/tensorflow/python/framework/dtypes.py:523: FutureWarning: Passing (type, 1) or '1type' as a synonym of type is deprecated; in a future version of numpy, it will be understood as (type, (1,)) / '(1,)type'.
  _np_qint8 = np.dtype([("qint8", np.int8, 1)])
/home/saitoasuka/anaconda3/envs/tensorflow/lib/python3.6/site-packages/tensorflow/python/framework/dtypes.py:524: FutureWarning: Passing (type, 1) or '1type' as a synonym of type is deprecated; in a future version of numpy, it will be understood as (type, (1,)) / '(1,)type'.
  _np_quint8 = np.dtype([("quint8", np.uint8, 1)])
/home/saitoasuka/anaconda3/envs/tensorflow/lib/python3.6/site-packages/tensorflow/python/framework/dtypes.py:525: FutureWarning: Passing (type, 1) or '1type' as a synonym of type is deprecated; in a future version of numpy, it will be understood as (type, (1,)) / '(1,)type'.
  _np_qint16 = np.dtype([("qint16", np.int16, 1)])
/home/saitoasuka/anaconda3/envs/tensorflow/lib/python3.6/site-packages/tensorflow/python/framework/dtypes.py:526: FutureWarning: Passing (type, 1) or '1type' as a synonym of type is deprecated; in a future version of numpy, it will be understood as (type, (1,)) / '(1,)type'.
  _np_quint16 = np.dtype([("quint16", np.uint16, 1)])
/home/saitoasuka/anaconda3/envs/tensorflow/lib/python3.6/site-packages/tensorflow/python/framework/dtypes.py:527: FutureWarning: Passing (type, 1) or '1type' as a synonym of type is deprecated; in a future version of numpy, it will be understood as (type, (1,)) / '(1,)type'.
  _np_qint32 = np.dtype([("qint32", np.int32, 1)])
/home/saitoasuka/anaconda3/envs/tensorflow/lib/python3.6/site-packages/tensorflow/python/framework/dtypes.py:532: FutureWarning: Passing (type, 1) or '1type' as a synonym of type is deprecated; in a future version of numpy, it will be understood as (type, (1,)) / '(1,)type'.
  np_resource = np.dtype([("resource", np.ubyte, 1)])
Parsed with column specification:
cols(
  sequence = col_character(),
  detectability = col_double()
)
Parsed with column specification:
cols(
  protein = col_character(),
  sequence = col_character(),
  miss = col_double(),
  start = col_double(),
  end = col_double(),
  nTerminal = col_character(),
  cTerminal = col_character()
)
2020-03-22 19:13:30.658816: I tensorflow/core/platform/cpu_feature_guard.cc:141] Your CPU supports instructions that this TensorFlow binary was not compiled to use: SSE4.1 SSE4.2 AVX
2020-03-22 19:13:30.659202: I tensorflow/core/common_runtime/process_util.cc:69] Creating new thread pool with default inter op setting: 2. Tune using inter_op_parallelism_threads for best performance.
Using TensorFlow backend.
/home/saitoasuka/anaconda3/envs/tensorflow/lib/python3.6/site-packages/tensorflow/python/framework/dtypes.py:523: FutureWarning: Passing (type, 1) or '1type' as a synonym of type is deprecated; in a future version of numpy, it will be understood as (type, (1,)) / '(1,)type'.
  _np_qint8 = np.dtype([("qint8", np.int8, 1)])
/home/saitoasuka/anaconda3/envs/tensorflow/lib/python3.6/site-packages/tensorflow/python/framework/dtypes.py:524: FutureWarning: Passing (type, 1) or '1type' as a synonym of type is deprecated; in a future version of numpy, it will be understood as (type, (1,)) / '(1,)type'.
  _np_quint8 = np.dtype([("quint8", np.uint8, 1)])
/home/saitoasuka/anaconda3/envs/tensorflow/lib/python3.6/site-packages/tensorflow/python/framework/dtypes.py:525: FutureWarning: Passing (type, 1) or '1type' as a synonym of type is deprecated; in a future version of numpy, it will be understood as (type, (1,)) / '(1,)type'.
  _np_qint16 = np.dtype([("qint16", np.int16, 1)])
/home/saitoasuka/anaconda3/envs/tensorflow/lib/python3.6/site-packages/tensorflow/python/framework/dtypes.py:526: FutureWarning: Passing (type, 1) or '1type' as a synonym of type is deprecated; in a future version of numpy, it will be understood as (type, (1,)) / '(1,)type'.
  _np_quint16 = np.dtype([("quint16", np.uint16, 1)])
/home/saitoasuka/anaconda3/envs/tensorflow/lib/python3.6/site-packages/tensorflow/python/framework/dtypes.py:527: FutureWarning: Passing (type, 1) or '1type' as a synonym of type is deprecated; in a future version of numpy, it will be understood as (type, (1,)) / '(1,)type'.
  _np_qint32 = np.dtype([("qint32", np.int32, 1)])
/home/saitoasuka/anaconda3/envs/tensorflow/lib/python3.6/site-packages/tensorflow/python/framework/dtypes.py:532: FutureWarning: Passing (type, 1) or '1type' as a synonym of type is deprecated; in a future version of numpy, it will be understood as (type, (1,)) / '(1,)type'.
  np_resource = np.dtype([("resource", np.ubyte, 1)])
2020-03-22 19:19:39.674283: I tensorflow/core/platform/cpu_feature_guard.cc:141] Your CPU supports instructions that this TensorFlow binary was not compiled to use: SSE4.1 SSE4.2 AVX
2020-03-22 19:19:39.674693: I tensorflow/core/common_runtime/process_util.cc:69] Creating new thread pool with default inter op setting: 2. Tune using inter_op_parallelism_threads for best performance.
Using TensorFlow backend.
/home/saitoasuka/anaconda3/envs/tensorflow/lib/python3.6/site-packages/tensorflow/python/framework/dtypes.py:523: FutureWarning: Passing (type, 1) or '1type' as a synonym of type is deprecated; in a future version of numpy, it will be understood as (type, (1,)) / '(1,)type'.
  _np_qint8 = np.dtype([("qint8", np.int8, 1)])
/home/saitoasuka/anaconda3/envs/tensorflow/lib/python3.6/site-packages/tensorflow/python/framework/dtypes.py:524: FutureWarning: Passing (type, 1) or '1type' as a synonym of type is deprecated; in a future version of numpy, it will be understood as (type, (1,)) / '(1,)type'.
  _np_quint8 = np.dtype([("quint8", np.uint8, 1)])
/home/saitoasuka/anaconda3/envs/tensorflow/lib/python3.6/site-packages/tensorflow/python/framework/dtypes.py:525: FutureWarning: Passing (type, 1) or '1type' as a synonym of type is deprecated; in a future version of numpy, it will be understood as (type, (1,)) / '(1,)type'.
  _np_qint16 = np.dtype([("qint16", np.int16, 1)])
/home/saitoasuka/anaconda3/envs/tensorflow/lib/python3.6/site-packages/tensorflow/python/framework/dtypes.py:526: FutureWarning: Passing (type, 1) or '1type' as a synonym of type is deprecated; in a future version of numpy, it will be understood as (type, (1,)) / '(1,)type'.
  _np_quint16 = np.dtype([("quint16", np.uint16, 1)])
/home/saitoasuka/anaconda3/envs/tensorflow/lib/python3.6/site-packages/tensorflow/python/framework/dtypes.py:527: FutureWarning: Passing (type, 1) or '1type' as a synonym of type is deprecated; in a future version of numpy, it will be understood as (type, (1,)) / '(1,)type'.
  _np_qint32 = np.dtype([("qint32", np.int32, 1)])
/home/saitoasuka/anaconda3/envs/tensorflow/lib/python3.6/site-packages/tensorflow/python/framework/dtypes.py:532: FutureWarning: Passing (type, 1) or '1type' as a synonym of type is deprecated; in a future version of numpy, it will be understood as (type, (1,)) / '(1,)type'.
  np_resource = np.dtype([("resource", np.ubyte, 1)])
2020-03-22 19:25:49.148919: I tensorflow/core/platform/cpu_feature_guard.cc:141] Your CPU supports instructions that this TensorFlow binary was not compiled to use: SSE4.1 SSE4.2 AVX
2020-03-22 19:25:49.149458: I tensorflow/core/common_runtime/process_util.cc:69] Creating new thread pool with default inter op setting: 2. Tune using inter_op_parallelism_threads for best performance.
Using TensorFlow backend.
/home/saitoasuka/anaconda3/envs/tensorflow/lib/python3.6/site-packages/tensorflow/python/framework/dtypes.py:523: FutureWarning: Passing (type, 1) or '1type' as a synonym of type is deprecated; in a future version of numpy, it will be understood as (type, (1,)) / '(1,)type'.
  _np_qint8 = np.dtype([("qint8", np.int8, 1)])
/home/saitoasuka/anaconda3/envs/tensorflow/lib/python3.6/site-packages/tensorflow/python/framework/dtypes.py:524: FutureWarning: Passing (type, 1) or '1type' as a synonym of type is deprecated; in a future version of numpy, it will be understood as (type, (1,)) / '(1,)type'.
  _np_quint8 = np.dtype([("quint8", np.uint8, 1)])
/home/saitoasuka/anaconda3/envs/tensorflow/lib/python3.6/site-packages/tensorflow/python/framework/dtypes.py:525: FutureWarning: Passing (type, 1) or '1type' as a synonym of type is deprecated; in a future version of numpy, it will be understood as (type, (1,)) / '(1,)type'.
  _np_qint16 = np.dtype([("qint16", np.int16, 1)])
/home/saitoasuka/anaconda3/envs/tensorflow/lib/python3.6/site-packages/tensorflow/python/framework/dtypes.py:526: FutureWarning: Passing (type, 1) or '1type' as a synonym of type is deprecated; in a future version of numpy, it will be understood as (type, (1,)) / '(1,)type'.
  _np_quint16 = np.dtype([("quint16", np.uint16, 1)])
/home/saitoasuka/anaconda3/envs/tensorflow/lib/python3.6/site-packages/tensorflow/python/framework/dtypes.py:527: FutureWarning: Passing (type, 1) or '1type' as a synonym of type is deprecated; in a future version of numpy, it will be understood as (type, (1,)) / '(1,)type'.
  _np_qint32 = np.dtype([("qint32", np.int32, 1)])
/home/saitoasuka/anaconda3/envs/tensorflow/lib/python3.6/site-packages/tensorflow/python/framework/dtypes.py:532: FutureWarning: Passing (type, 1) or '1type' as a synonym of type is deprecated; in a future version of numpy, it will be understood as (type, (1,)) / '(1,)type'.
  np_resource = np.dtype([("resource", np.ubyte, 1)])
Loading script: /home/saitoasuka/shiny-server/project/data/deepdia/code/init.R
Loading script: /home/saitoasuka/shiny-server/project/data/deepdia/code/deepms2/R/init.R
Parsed with column specification:
cols(
  protein = col_character(),
  sequence = col_character(),
  miss = col_double(),
  start = col_double(),
  end = col_double(),
  nTerminal = col_character(),
  cTerminal = col_character(),
  detectability = col_double()
)
Parsed with column specification:
cols(
  sequence = col_character(),
  irt = col_double()
)

Attaching package: ‘shinyjs’

The following objects are masked from ‘package:methods’:

    removeClass, show


Attaching package: ‘shiny’

The following object is masked from ‘package:shinyjs’:

    runExample


Attaching package: ‘shinydashboard’

The following object is masked from ‘package:graphics’:

    box


Attaching package: ‘jsonlite’

The following object is masked from ‘package:shiny’:

    validate


Attaching package: ‘dplyr’

The following objects are masked from ‘package:stats’:

    filter, lag

The following objects are masked from ‘package:base’:

    intersect, setdiff, setequal, union


Attaching package: ‘DT’

The following objects are masked from ‘package:shiny’:

    dataTableOutput, renderDataTable

Using V8 engine 3.14.5.9

Attaching package: ‘V8’

The following object is masked from ‘package:DT’:

    JS

── Attaching packages ─────────────────────────────────────── tidyverse 1.2.1 ──
✔ ggplot2 3.2.0     ✔ purrr   0.3.2
✔ tibble  2.1.3     ✔ stringr 1.4.0
✔ tidyr   0.8.3     ✔ forcats 0.4.0
── Conflicts ────────────────────────────────────────── tidyverse_conflicts() ──
✖ dplyr::filter()      masks stats::filter()
✖ purrr::flatten()     masks jsonlite::flatten()
✖ dplyr::lag()         masks stats::lag()
✖ jsonlite::validate() masks shiny::validate()

Attaching package: ‘MASS’

The following object is masked from ‘package:dplyr’:

    select


Loaded mixOmics 6.8.0

Thank you for using mixOmics! Learn how to apply our methods with our tutorials on www.mixOmics.org, vignette and bookdown on  https://github.com/mixOmicsTeam/mixOmics
Questions: email us at mixomics[at]math.univ-toulouse.fr  
Bugs, Issues? https://github.com/mixOmicsTeam/mixOmics/issues
Cite us:  citation('mixOmics')

Attaching package: ‘mixOmics’

The following object is masked from ‘package:purrr’:

    map


Attaching package: ‘gplots’

The following object is masked from ‘package:stats’:

    lowess


Attaching package: ‘plotly’

The following object is masked from ‘package:MASS’:

    select

The following object is masked from ‘package:ggplot2’:

    last_plot

The following object is masked from ‘package:stats’:

    filter

The following object is masked from ‘package:graphics’:

    layout


Attaching package: ‘htmlwidgets’

The following object is masked from ‘package:V8’:

    JS

Welcome! Related Books: `Practical Guide To Cluster Analysis in R` at https://goo.gl/13EFCZ

Attaching package: ‘seqinr’

The following object is masked from ‘package:dplyr’:

    count

The following object is masked from ‘package:shiny’:

    a

Registered S3 method overwritten by 'R.oo':
  method        from       
  throw.default R.methodsS3

Attaching package: ‘BiocGenerics’

The following objects are masked from ‘package:parallel’:

    clusterApply, clusterApplyLB, clusterCall, clusterEvalQ,
    clusterExport, clusterMap, parApply, parCapply, parLapply,
    parLapplyLB, parRapply, parSapply, parSapplyLB

The following objects are masked from ‘package:dplyr’:

    combine, intersect, setdiff, union

The following objects are masked from ‘package:rJava’:

    anyDuplicated, duplicated, sort, unique

The following objects are masked from ‘package:stats’:

    IQR, mad, sd, var, xtabs

The following objects are masked from ‘package:base’:

    anyDuplicated, append, as.data.frame, basename, cbind, colnames,
    dirname, do.call, duplicated, eval, evalq, Filter, Find, get, grep,
    grepl, intersect, is.unsorted, lapply, Map, mapply, match, mget,
    order, paste, pmax, pmax.int, pmin, pmin.int, Position, rank,
    rbind, Reduce, rownames, sapply, setdiff, sort, table, tapply,
    union, unique, unsplit, which, which.max, which.min


Attaching package: ‘S4Vectors’

The following object is masked from ‘package:plotly’:

    rename

The following object is masked from ‘package:gplots’:

    space

The following object is masked from ‘package:tidyr’:

    expand

The following objects are masked from ‘package:dplyr’:

    first, rename

The following object is masked from ‘package:base’:

    expand.grid


Attaching package: ‘IRanges’

The following object is masked from ‘package:plotly’:

    slice

The following object is masked from ‘package:purrr’:

    reduce

The following objects are masked from ‘package:dplyr’:

    collapse, desc, slice


Attaching package: ‘XVector’

The following object is masked from ‘package:purrr’:

    compact


Attaching package: ‘Biostrings’

The following object is masked from ‘package:seqinr’:

    translate

The following object is masked from ‘package:base’:

    strsplit


Attaching package: ‘data.table’

The following object is masked from ‘package:IRanges’:

    shift

The following objects are masked from ‘package:S4Vectors’:

    first, second

The following object is masked from ‘package:purrr’:

    transpose

The following objects are masked from ‘package:dplyr’:

    between, first, last


Attaching package: ‘rjson’

The following objects are masked from ‘package:jsonlite’:

    fromJSON, toJSON

有正在运行的fasta预测任务 
[1] "执行时间：93.7926 min"
There were 50 or more warnings (use warnings() to see the first 50)

Attaching package: ‘shinyjs’

The following objects are masked from ‘package:methods’:

    removeClass, show


Attaching package: ‘shiny’

The following object is masked from ‘package:shinyjs’:

    runExample


Attaching package: ‘shinydashboard’

The following object is masked from ‘package:graphics’:

    box


Attaching package: ‘jsonlite’

The following object is masked from ‘package:shiny’:

    validate


Attaching package: ‘dplyr’

The following objects are masked from ‘package:stats’:

    filter, lag

The following objects are masked from ‘package:base’:

    intersect, setdiff, setequal, union


Attaching package: ‘DT’

The following objects are masked from ‘package:shiny’:

    dataTableOutput, renderDataTable

Using V8 engine 3.14.5.9

Attaching package: ‘V8’

The following object is masked from ‘package:DT’:

    JS

── Attaching packages ─────────────────────────────────────── tidyverse 1.2.1 ──
✔ ggplot2 3.2.0     ✔ purrr   0.3.2
✔ tibble  2.1.3     ✔ stringr 1.4.0
✔ tidyr   0.8.3     ✔ forcats 0.4.0
── Conflicts ────────────────────────────────────────── tidyverse_conflicts() ──
✖ dplyr::filter()      masks stats::filter()
✖ purrr::flatten()     masks jsonlite::flatten()
✖ dplyr::lag()         masks stats::lag()
✖ jsonlite::validate() masks shiny::validate()

Attaching package: ‘MASS’

The following object is masked from ‘package:dplyr’:

    select


Loaded mixOmics 6.8.0

Thank you for using mixOmics! Learn how to apply our methods with our tutorials on www.mixOmics.org, vignette and bookdown on  https://github.com/mixOmicsTeam/mixOmics
Questions: email us at mixomics[at]math.univ-toulouse.fr  
Bugs, Issues? https://github.com/mixOmicsTeam/mixOmics/issues
Cite us:  citation('mixOmics')

Attaching package: ‘mixOmics’

The following object is masked from ‘package:purrr’:

    map


Attaching package: ‘gplots’

The following object is masked from ‘package:stats’:

    lowess


Attaching package: ‘plotly’

The following object is masked from ‘package:MASS’:

    select

The following object is masked from ‘package:ggplot2’:

    last_plot

The following object is masked from ‘package:stats’:

    filter

The following object is masked from ‘package:graphics’:

    layout


Attaching package: ‘htmlwidgets’

The following object is masked from ‘package:V8’:

    JS

Welcome! Related Books: `Practical Guide To Cluster Analysis in R` at https://goo.gl/13EFCZ

Attaching package: ‘seqinr’

The following object is masked from ‘package:dplyr’:

    count

The following object is masked from ‘package:shiny’:

    a

Registered S3 method overwritten by 'R.oo':
  method        from       
  throw.default R.methodsS3

Attaching package: ‘BiocGenerics’

The following objects are masked from ‘package:parallel’:

    clusterApply, clusterApplyLB, clusterCall, clusterEvalQ,
    clusterExport, clusterMap, parApply, parCapply, parLapply,
    parLapplyLB, parRapply, parSapply, parSapplyLB

The following objects are masked from ‘package:dplyr’:

    combine, intersect, setdiff, union

The following objects are masked from ‘package:rJava’:

    anyDuplicated, duplicated, sort, unique

The following objects are masked from ‘package:stats’:

    IQR, mad, sd, var, xtabs

The following objects are masked from ‘package:base’:

    anyDuplicated, append, as.data.frame, basename, cbind, colnames,
    dirname, do.call, duplicated, eval, evalq, Filter, Find, get, grep,
    grepl, intersect, is.unsorted, lapply, Map, mapply, match, mget,
    order, paste, pmax, pmax.int, pmin, pmin.int, Position, rank,
    rbind, Reduce, rownames, sapply, setdiff, sort, table, tapply,
    union, unique, unsplit, which, which.max, which.min


Attaching package: ‘S4Vectors’

The following object is masked from ‘package:plotly’:

    rename

The following object is masked from ‘package:gplots’:

    space

The following object is masked from ‘package:tidyr’:

    expand

The following objects are masked from ‘package:dplyr’:

    first, rename

The following object is masked from ‘package:base’:

    expand.grid


Attaching package: ‘IRanges’

The following object is masked from ‘package:plotly’:

    slice

The following object is masked from ‘package:purrr’:

    reduce

The following objects are masked from ‘package:dplyr’:

    collapse, desc, slice


Attaching package: ‘XVector’

The following object is masked from ‘package:purrr’:

    compact


Attaching package: ‘Biostrings’

The following object is masked from ‘package:seqinr’:

    translate

The following object is masked from ‘package:base’:

    strsplit


Attaching package: ‘data.table’

The following object is masked from ‘package:IRanges’:

    shift

The following objects are masked from ‘package:S4Vectors’:

    first, second

The following object is masked from ‘package:purrr’:

    transpose

The following objects are masked from ‘package:dplyr’:

    between, first, last


Attaching package: ‘rjson’

The following objects are masked from ‘package:jsonlite’:

    fromJSON, toJSON

subscript out of bounds 
 没有fasta预测任务Warning messages:
1: In min(unfinished_fastapredict_projects$time) :
  no non-missing arguments, returning NA
2: In min(unfinished_fastapredict_projects$time) :
  no non-missing arguments, returning NA
